# Logfile created on 2014-01-10 18:08:14 +0800 by logger.rb/36483
I, [2014-01-10T18:08:14.723002 #24609]  INFO -- : 0:  i18n (0.6.9) from /Library/Ruby/Gems/2.0.0/specifications/i18n-0.6.9.gemspec
I, [2014-01-10T18:08:14.723421 #24609]  INFO -- : 0:  multi_json (1.8.4) from /Library/Ruby/Gems/2.0.0/specifications/multi_json-1.8.4.gemspec
I, [2014-01-10T18:08:14.723720 #24609]  INFO -- : 0:  activesupport (3.2.16) from /Library/Ruby/Gems/2.0.0/specifications/activesupport-3.2.16.gemspec
I, [2014-01-10T18:08:14.723993 #24609]  INFO -- : 0:  addressable (2.3.5) from /Library/Ruby/Gems/2.0.0/specifications/addressable-2.3.5.gemspec
I, [2014-01-10T18:08:14.724262 #24609]  INFO -- : 0:  atomic (1.1.14) from /Library/Ruby/Gems/2.0.0/specifications/atomic-1.1.14.gemspec
I, [2014-01-10T18:08:14.724531 #24609]  INFO -- : 0:  builder (3.1.4) from /Library/Ruby/Gems/2.0.0/specifications/builder-3.1.4.gemspec
I, [2014-01-10T18:08:14.724799 #24609]  INFO -- : 0:  chunky_png (1.2.6) from /Library/Ruby/Gems/2.0.0/specifications/chunky_png-1.2.6.gemspec
I, [2014-01-10T18:08:14.725071 #24609]  INFO -- : 0:  coffee-script-source (1.6.3) from /Library/Ruby/Gems/2.0.0/specifications/coffee-script-source-1.6.3.gemspec
I, [2014-01-10T18:08:14.725315 #24609]  INFO -- : 0:  execjs (1.4.0) from /Library/Ruby/Gems/2.0.0/specifications/execjs-1.4.0.gemspec
I, [2014-01-10T18:08:14.725574 #24609]  INFO -- : 0:  coffee-script (2.2.0) from /Library/Ruby/Gems/2.0.0/specifications/coffee-script-2.2.0.gemspec
I, [2014-01-10T18:08:14.725835 #24609]  INFO -- : 0:  fssm (0.2.9) from /Library/Ruby/Gems/2.0.0/specifications/fssm-0.2.9.gemspec
I, [2014-01-10T18:08:14.726095 #24609]  INFO -- : 0:  sass (3.2.4) from /Library/Ruby/Gems/2.0.0/specifications/sass-3.2.4.gemspec
I, [2014-01-10T18:08:14.726353 #24609]  INFO -- : 0:  compass (0.12.2) from /Library/Ruby/Gems/2.0.0/specifications/compass-0.12.2.gemspec
I, [2014-01-10T18:08:14.726614 #24609]  INFO -- : 0:  ffi (1.9.3) from /Library/Ruby/Gems/2.0.0/specifications/ffi-1.9.3.gemspec
I, [2014-01-10T18:08:14.726876 #24609]  INFO -- : 0:  haml (3.1.7) from /Library/Ruby/Gems/2.0.0/specifications/haml-3.1.7.gemspec
I, [2014-01-10T18:08:14.727136 #24609]  INFO -- : 0:  hike (1.2.3) from /Library/Ruby/Gems/2.0.0/specifications/hike-1.2.3.gemspec
I, [2014-01-10T18:08:14.727379 #24609]  INFO -- : 0:  kramdown (1.3.1) from /Library/Ruby/Gems/2.0.0/specifications/kramdown-1.3.1.gemspec
I, [2014-01-10T18:08:14.727644 #24609]  INFO -- : 0:  rb-fsevent (0.9.4) from /Library/Ruby/Gems/2.0.0/specifications/rb-fsevent-0.9.4.gemspec
I, [2014-01-10T18:08:14.727903 #24609]  INFO -- : 0:  rb-inotify (0.9.3) from /Library/Ruby/Gems/2.0.0/specifications/rb-inotify-0.9.3.gemspec
I, [2014-01-10T18:08:14.728181 #24609]  INFO -- : 0:  rb-kqueue (0.2.0) from /Library/Ruby/Gems/2.0.0/specifications/rb-kqueue-0.2.0.gemspec
I, [2014-01-10T18:08:14.728442 #24609]  INFO -- : 0:  listen (1.3.1) from /Library/Ruby/Gems/2.0.0/specifications/listen-1.3.1.gemspec
I, [2014-01-10T18:08:14.728677 #24609]  INFO -- : 0:  bundler (1.5.1) from /Library/Ruby/Gems/2.0.0/specifications/bundler-1.5.1.gemspec
I, [2014-01-10T18:08:14.728941 #24609]  INFO -- : 0:  rack (1.5.2) from /Library/Ruby/Gems/2.0.0/specifications/rack-1.5.2.gemspec
I, [2014-01-10T18:08:14.729185 #24609]  INFO -- : 0:  rack-test (0.6.2) from /Library/Ruby/Gems/2.0.0/specifications/rack-test-0.6.2.gemspec
I, [2014-01-10T18:08:14.729443 #24609]  INFO -- : 0:  thor (0.18.1) from /Library/Ruby/Gems/2.0.0/specifications/thor-0.18.1.gemspec
I, [2014-01-10T18:08:14.729709 #24609]  INFO -- : 0:  tilt (1.4.1) from /Library/Ruby/Gems/2.0.0/specifications/tilt-1.4.1.gemspec
I, [2014-01-10T18:08:14.729973 #24609]  INFO -- : 0:  middleman-core (3.2.1) from /Library/Ruby/Gems/2.0.0/specifications/middleman-core-3.2.1.gemspec
I, [2014-01-10T18:08:14.730235 #24609]  INFO -- : 0:  sprockets (2.10.1) from /Library/Ruby/Gems/2.0.0/specifications/sprockets-2.10.1.gemspec
I, [2014-01-10T18:08:14.730539 #24609]  INFO -- : 0:  sprockets-helpers (1.0.1) from /Library/Ruby/Gems/2.0.0/specifications/sprockets-helpers-1.0.1.gemspec
I, [2014-01-10T18:08:14.730821 #24609]  INFO -- : 0:  sprockets-sass (1.0.2) from /Library/Ruby/Gems/2.0.0/specifications/sprockets-sass-1.0.2.gemspec
I, [2014-01-10T18:08:14.731115 #24609]  INFO -- : 0:  middleman-sprockets (3.2.0) from /Library/Ruby/Gems/2.0.0/specifications/middleman-sprockets-3.2.0.gemspec
I, [2014-01-10T18:08:14.731364 #24609]  INFO -- : 0:  uglifier (2.1.2) from /Library/Ruby/Gems/2.0.0/specifications/uglifier-2.1.2.gemspec
I, [2014-01-10T18:08:14.731625 #24609]  INFO -- : 0:  middleman (3.2.1) from /Library/Ruby/Gems/2.0.0/specifications/middleman-3.2.1.gemspec
I, [2014-01-10T18:08:14.731899 #24609]  INFO -- : 0:  thread_safe (0.1.3) from /Library/Ruby/Gems/2.0.0/specifications/thread_safe-0.1.3.gemspec
I, [2014-01-10T18:08:14.732166 #24609]  INFO -- : 0:  tzinfo (1.1.0) from /Library/Ruby/Gems/2.0.0/specifications/tzinfo-1.1.0.gemspec
I, [2014-01-10T18:08:14.732431 #24609]  INFO -- : 0:  middleman-blog (3.5.1) from /Library/Ruby/Gems/2.0.0/specifications/middleman-blog-3.5.1.gemspec
I, [2014-01-10T18:08:14.732689 #24609]  INFO -- : 0:  net-ssh (2.7.0) from /Library/Ruby/Gems/2.0.0/specifications/net-ssh-2.7.0.gemspec
I, [2014-01-10T18:08:14.732943 #24609]  INFO -- : 0:  net-sftp (2.1.2) from /Library/Ruby/Gems/2.0.0/specifications/net-sftp-2.1.2.gemspec
I, [2014-01-10T18:08:14.733189 #24609]  INFO -- : 0:  ptools (1.2.2) from /Library/Ruby/Gems/2.0.0/specifications/ptools-1.2.2.gemspec
I, [2014-01-10T18:08:14.733446 #24609]  INFO -- : 0:  middleman-deploy (0.1.4) from /Library/Ruby/Gems/2.0.0/specifications/middleman-deploy-0.1.4.gemspec
I, [2014-01-10T18:08:14.733717 #24609]  INFO -- : 0:  nokogiri (1.5.6) from /System/Library/Frameworks/Ruby.framework/Versions/2.0/usr/lib/ruby/gems/2.0.0/specifications/nokogiri-1.5.6.gemspec
I, [2014-01-10T18:08:14.734054 #24609]  INFO -- : 0:  redcarpet (2.0.1) from /Library/Ruby/Gems/2.0.0/specifications/redcarpet-2.0.1.gemspec
I, [2014-01-10T18:08:14.734317 #24609]  INFO -- : 0:  susy (1.0.5) from /Library/Ruby/Gems/2.0.0/specifications/susy-1.0.5.gemspec
I, [2014-01-10T18:20:37.366326 #25057]  INFO -- : 0:  i18n (0.6.9) from /Library/Ruby/Gems/2.0.0/specifications/i18n-0.6.9.gemspec
I, [2014-01-10T18:20:37.366771 #25057]  INFO -- : 0:  multi_json (1.8.4) from /Library/Ruby/Gems/2.0.0/specifications/multi_json-1.8.4.gemspec
I, [2014-01-10T18:20:37.367094 #25057]  INFO -- : 0:  activesupport (3.2.16) from /Library/Ruby/Gems/2.0.0/specifications/activesupport-3.2.16.gemspec
I, [2014-01-10T18:20:37.367369 #25057]  INFO -- : 0:  addressable (2.3.5) from /Library/Ruby/Gems/2.0.0/specifications/addressable-2.3.5.gemspec
I, [2014-01-10T18:20:37.367646 #25057]  INFO -- : 0:  atomic (1.1.14) from /Library/Ruby/Gems/2.0.0/specifications/atomic-1.1.14.gemspec
I, [2014-01-10T18:20:37.367917 #25057]  INFO -- : 0:  builder (3.1.4) from /Library/Ruby/Gems/2.0.0/specifications/builder-3.1.4.gemspec
I, [2014-01-10T18:20:37.368186 #25057]  INFO -- : 0:  chunky_png (1.2.6) from /Library/Ruby/Gems/2.0.0/specifications/chunky_png-1.2.6.gemspec
I, [2014-01-10T18:20:37.368455 #25057]  INFO -- : 0:  coffee-script-source (1.6.3) from /Library/Ruby/Gems/2.0.0/specifications/coffee-script-source-1.6.3.gemspec
I, [2014-01-10T18:20:37.368703 #25057]  INFO -- : 0:  execjs (1.4.0) from /Library/Ruby/Gems/2.0.0/specifications/execjs-1.4.0.gemspec
I, [2014-01-10T18:20:37.368965 #25057]  INFO -- : 0:  coffee-script (2.2.0) from /Library/Ruby/Gems/2.0.0/specifications/coffee-script-2.2.0.gemspec
I, [2014-01-10T18:20:37.369231 #25057]  INFO -- : 0:  fssm (0.2.9) from /Library/Ruby/Gems/2.0.0/specifications/fssm-0.2.9.gemspec
I, [2014-01-10T18:20:37.369494 #25057]  INFO -- : 0:  sass (3.2.4) from /Library/Ruby/Gems/2.0.0/specifications/sass-3.2.4.gemspec
I, [2014-01-10T18:20:37.369756 #25057]  INFO -- : 0:  compass (0.12.2) from /Library/Ruby/Gems/2.0.0/specifications/compass-0.12.2.gemspec
I, [2014-01-10T18:20:37.370020 #25057]  INFO -- : 0:  ffi (1.9.3) from /Library/Ruby/Gems/2.0.0/specifications/ffi-1.9.3.gemspec
I, [2014-01-10T18:20:37.370281 #25057]  INFO -- : 0:  haml (3.1.7) from /Library/Ruby/Gems/2.0.0/specifications/haml-3.1.7.gemspec
I, [2014-01-10T18:20:37.370568 #25057]  INFO -- : 0:  hike (1.2.3) from /Library/Ruby/Gems/2.0.0/specifications/hike-1.2.3.gemspec
I, [2014-01-10T18:20:37.370815 #25057]  INFO -- : 0:  kramdown (1.3.1) from /Library/Ruby/Gems/2.0.0/specifications/kramdown-1.3.1.gemspec
I, [2014-01-10T18:20:37.371078 #25057]  INFO -- : 0:  rb-fsevent (0.9.4) from /Library/Ruby/Gems/2.0.0/specifications/rb-fsevent-0.9.4.gemspec
I, [2014-01-10T18:20:37.371342 #25057]  INFO -- : 0:  rb-inotify (0.9.3) from /Library/Ruby/Gems/2.0.0/specifications/rb-inotify-0.9.3.gemspec
I, [2014-01-10T18:20:37.371603 #25057]  INFO -- : 0:  rb-kqueue (0.2.0) from /Library/Ruby/Gems/2.0.0/specifications/rb-kqueue-0.2.0.gemspec
I, [2014-01-10T18:20:37.371871 #25057]  INFO -- : 0:  listen (1.3.1) from /Library/Ruby/Gems/2.0.0/specifications/listen-1.3.1.gemspec
I, [2014-01-10T18:20:37.372105 #25057]  INFO -- : 0:  bundler (1.5.1) from /Library/Ruby/Gems/2.0.0/specifications/bundler-1.5.1.gemspec
I, [2014-01-10T18:20:37.372370 #25057]  INFO -- : 0:  rack (1.5.2) from /Library/Ruby/Gems/2.0.0/specifications/rack-1.5.2.gemspec
I, [2014-01-10T18:20:37.372616 #25057]  INFO -- : 0:  rack-test (0.6.2) from /Library/Ruby/Gems/2.0.0/specifications/rack-test-0.6.2.gemspec
I, [2014-01-10T18:20:37.372880 #25057]  INFO -- : 0:  thor (0.18.1) from /Library/Ruby/Gems/2.0.0/specifications/thor-0.18.1.gemspec
I, [2014-01-10T18:20:37.373144 #25057]  INFO -- : 0:  tilt (1.4.1) from /Library/Ruby/Gems/2.0.0/specifications/tilt-1.4.1.gemspec
I, [2014-01-10T18:20:37.373409 #25057]  INFO -- : 0:  middleman-core (3.2.1) from /Library/Ruby/Gems/2.0.0/specifications/middleman-core-3.2.1.gemspec
I, [2014-01-10T18:20:37.373688 #25057]  INFO -- : 0:  sprockets (2.10.1) from /Library/Ruby/Gems/2.0.0/specifications/sprockets-2.10.1.gemspec
I, [2014-01-10T18:20:37.373947 #25057]  INFO -- : 0:  sprockets-helpers (1.0.1) from /Library/Ruby/Gems/2.0.0/specifications/sprockets-helpers-1.0.1.gemspec
I, [2014-01-10T18:20:37.374208 #25057]  INFO -- : 0:  sprockets-sass (1.0.2) from /Library/Ruby/Gems/2.0.0/specifications/sprockets-sass-1.0.2.gemspec
I, [2014-01-10T18:20:37.374460 #25057]  INFO -- : 0:  middleman-sprockets (3.2.0) from /Library/Ruby/Gems/2.0.0/specifications/middleman-sprockets-3.2.0.gemspec
I, [2014-01-10T18:20:37.374753 #25057]  INFO -- : 0:  uglifier (2.1.2) from /Library/Ruby/Gems/2.0.0/specifications/uglifier-2.1.2.gemspec
I, [2014-01-10T18:20:37.375016 #25057]  INFO -- : 0:  middleman (3.2.1) from /Library/Ruby/Gems/2.0.0/specifications/middleman-3.2.1.gemspec
I, [2014-01-10T18:20:37.375276 #25057]  INFO -- : 0:  thread_safe (0.1.3) from /Library/Ruby/Gems/2.0.0/specifications/thread_safe-0.1.3.gemspec
I, [2014-01-10T18:20:37.375542 #25057]  INFO -- : 0:  tzinfo (1.1.0) from /Library/Ruby/Gems/2.0.0/specifications/tzinfo-1.1.0.gemspec
I, [2014-01-10T18:20:37.375821 #25057]  INFO -- : 0:  middleman-blog (3.5.1) from /Library/Ruby/Gems/2.0.0/specifications/middleman-blog-3.5.1.gemspec
I, [2014-01-10T18:20:37.376080 #25057]  INFO -- : 0:  net-ssh (2.7.0) from /Library/Ruby/Gems/2.0.0/specifications/net-ssh-2.7.0.gemspec
I, [2014-01-10T18:20:37.376340 #25057]  INFO -- : 0:  net-sftp (2.1.2) from /Library/Ruby/Gems/2.0.0/specifications/net-sftp-2.1.2.gemspec
I, [2014-01-10T18:20:37.376583 #25057]  INFO -- : 0:  ptools (1.2.2) from /Library/Ruby/Gems/2.0.0/specifications/ptools-1.2.2.gemspec
I, [2014-01-10T18:20:37.376841 #25057]  INFO -- : 0:  middleman-deploy (0.1.4) from /Library/Ruby/Gems/2.0.0/specifications/middleman-deploy-0.1.4.gemspec
I, [2014-01-10T18:20:37.377109 #25057]  INFO -- : 0:  nokogiri (1.5.6) from /System/Library/Frameworks/Ruby.framework/Versions/2.0/usr/lib/ruby/gems/2.0.0/specifications/nokogiri-1.5.6.gemspec
I, [2014-01-10T18:20:37.377375 #25057]  INFO -- : 0:  redcarpet (2.0.1) from /Library/Ruby/Gems/2.0.0/specifications/redcarpet-2.0.1.gemspec
I, [2014-01-10T18:20:37.377638 #25057]  INFO -- : 0:  susy (1.0.5) from /Library/Ruby/Gems/2.0.0/specifications/susy-1.0.5.gemspec
I, [2014-01-10T18:21:28.792585 #25156]  INFO -- : 0:  i18n (0.6.9) from /Library/Ruby/Gems/2.0.0/specifications/i18n-0.6.9.gemspec
I, [2014-01-10T18:21:28.793055 #25156]  INFO -- : 0:  multi_json (1.8.4) from /Library/Ruby/Gems/2.0.0/specifications/multi_json-1.8.4.gemspec
I, [2014-01-10T18:21:28.793342 #25156]  INFO -- : 0:  activesupport (3.2.16) from /Library/Ruby/Gems/2.0.0/specifications/activesupport-3.2.16.gemspec
I, [2014-01-10T18:21:28.793615 #25156]  INFO -- : 0:  addressable (2.3.5) from /Library/Ruby/Gems/2.0.0/specifications/addressable-2.3.5.gemspec
I, [2014-01-10T18:21:28.793888 #25156]  INFO -- : 0:  atomic (1.1.14) from /Library/Ruby/Gems/2.0.0/specifications/atomic-1.1.14.gemspec
I, [2014-01-10T18:21:28.794158 #25156]  INFO -- : 0:  builder (3.1.4) from /Library/Ruby/Gems/2.0.0/specifications/builder-3.1.4.gemspec
I, [2014-01-10T18:21:28.794429 #25156]  INFO -- : 0:  chunky_png (1.2.6) from /Library/Ruby/Gems/2.0.0/specifications/chunky_png-1.2.6.gemspec
I, [2014-01-10T18:21:28.794697 #25156]  INFO -- : 0:  coffee-script-source (1.6.3) from /Library/Ruby/Gems/2.0.0/specifications/coffee-script-source-1.6.3.gemspec
I, [2014-01-10T18:21:28.794958 #25156]  INFO -- : 0:  execjs (1.4.0) from /Library/Ruby/Gems/2.0.0/specifications/execjs-1.4.0.gemspec
I, [2014-01-10T18:21:28.795207 #25156]  INFO -- : 0:  coffee-script (2.2.0) from /Library/Ruby/Gems/2.0.0/specifications/coffee-script-2.2.0.gemspec
I, [2014-01-10T18:21:28.795471 #25156]  INFO -- : 0:  fssm (0.2.9) from /Library/Ruby/Gems/2.0.0/specifications/fssm-0.2.9.gemspec
I, [2014-01-10T18:21:28.795737 #25156]  INFO -- : 0:  sass (3.2.4) from /Library/Ruby/Gems/2.0.0/specifications/sass-3.2.4.gemspec
I, [2014-01-10T18:21:28.795998 #25156]  INFO -- : 0:  compass (0.12.2) from /Library/Ruby/Gems/2.0.0/specifications/compass-0.12.2.gemspec
I, [2014-01-10T18:21:28.796261 #25156]  INFO -- : 0:  ffi (1.9.3) from /Library/Ruby/Gems/2.0.0/specifications/ffi-1.9.3.gemspec
I, [2014-01-10T18:21:28.796524 #25156]  INFO -- : 0:  haml (3.1.7) from /Library/Ruby/Gems/2.0.0/specifications/haml-3.1.7.gemspec
I, [2014-01-10T18:21:28.796785 #25156]  INFO -- : 0:  hike (1.2.3) from /Library/Ruby/Gems/2.0.0/specifications/hike-1.2.3.gemspec
I, [2014-01-10T18:21:28.797044 #25156]  INFO -- : 0:  kramdown (1.3.1) from /Library/Ruby/Gems/2.0.0/specifications/kramdown-1.3.1.gemspec
I, [2014-01-10T18:21:28.797290 #25156]  INFO -- : 0:  rb-fsevent (0.9.4) from /Library/Ruby/Gems/2.0.0/specifications/rb-fsevent-0.9.4.gemspec
I, [2014-01-10T18:21:28.797580 #25156]  INFO -- : 0:  rb-inotify (0.9.3) from /Library/Ruby/Gems/2.0.0/specifications/rb-inotify-0.9.3.gemspec
I, [2014-01-10T18:21:28.797858 #25156]  INFO -- : 0:  rb-kqueue (0.2.0) from /Library/Ruby/Gems/2.0.0/specifications/rb-kqueue-0.2.0.gemspec
I, [2014-01-10T18:21:28.798122 #25156]  INFO -- : 0:  listen (1.3.1) from /Library/Ruby/Gems/2.0.0/specifications/listen-1.3.1.gemspec
I, [2014-01-10T18:21:28.798358 #25156]  INFO -- : 0:  bundler (1.5.1) from /Library/Ruby/Gems/2.0.0/specifications/bundler-1.5.1.gemspec
I, [2014-01-10T18:21:28.798621 #25156]  INFO -- : 0:  rack (1.5.2) from /Library/Ruby/Gems/2.0.0/specifications/rack-1.5.2.gemspec
I, [2014-01-10T18:21:28.798894 #25156]  INFO -- : 0:  rack-test (0.6.2) from /Library/Ruby/Gems/2.0.0/specifications/rack-test-0.6.2.gemspec
I, [2014-01-10T18:21:28.799140 #25156]  INFO -- : 0:  thor (0.18.1) from /Library/Ruby/Gems/2.0.0/specifications/thor-0.18.1.gemspec
I, [2014-01-10T18:21:28.799407 #25156]  INFO -- : 0:  tilt (1.4.1) from /Library/Ruby/Gems/2.0.0/specifications/tilt-1.4.1.gemspec
I, [2014-01-10T18:21:28.799673 #25156]  INFO -- : 0:  middleman-core (3.2.1) from /Library/Ruby/Gems/2.0.0/specifications/middleman-core-3.2.1.gemspec
I, [2014-01-10T18:21:28.799935 #25156]  INFO -- : 0:  sprockets (2.10.1) from /Library/Ruby/Gems/2.0.0/specifications/sprockets-2.10.1.gemspec
I, [2014-01-10T18:21:28.800196 #25156]  INFO -- : 0:  sprockets-helpers (1.0.1) from /Library/Ruby/Gems/2.0.0/specifications/sprockets-helpers-1.0.1.gemspec
I, [2014-01-10T18:21:28.800458 #25156]  INFO -- : 0:  sprockets-sass (1.0.2) from /Library/Ruby/Gems/2.0.0/specifications/sprockets-sass-1.0.2.gemspec
I, [2014-01-10T18:21:28.800742 #25156]  INFO -- : 0:  middleman-sprockets (3.2.0) from /Library/Ruby/Gems/2.0.0/specifications/middleman-sprockets-3.2.0.gemspec
I, [2014-01-10T18:21:28.801003 #25156]  INFO -- : 0:  uglifier (2.1.2) from /Library/Ruby/Gems/2.0.0/specifications/uglifier-2.1.2.gemspec
I, [2014-01-10T18:21:28.801254 #25156]  INFO -- : 0:  middleman (3.2.1) from /Library/Ruby/Gems/2.0.0/specifications/middleman-3.2.1.gemspec
I, [2014-01-10T18:21:28.801516 #25156]  INFO -- : 0:  thread_safe (0.1.3) from /Library/Ruby/Gems/2.0.0/specifications/thread_safe-0.1.3.gemspec
I, [2014-01-10T18:21:28.801781 #25156]  INFO -- : 0:  tzinfo (1.1.0) from /Library/Ruby/Gems/2.0.0/specifications/tzinfo-1.1.0.gemspec
I, [2014-01-10T18:21:28.802046 #25156]  INFO -- : 0:  middleman-blog (3.5.1) from /Library/Ruby/Gems/2.0.0/specifications/middleman-blog-3.5.1.gemspec
I, [2014-01-10T18:21:28.802304 #25156]  INFO -- : 0:  net-ssh (2.7.0) from /Library/Ruby/Gems/2.0.0/specifications/net-ssh-2.7.0.gemspec
I, [2014-01-10T18:21:28.802561 #25156]  INFO -- : 0:  net-sftp (2.1.2) from /Library/Ruby/Gems/2.0.0/specifications/net-sftp-2.1.2.gemspec
I, [2014-01-10T18:21:28.802818 #25156]  INFO -- : 0:  ptools (1.2.2) from /Library/Ruby/Gems/2.0.0/specifications/ptools-1.2.2.gemspec
I, [2014-01-10T18:21:28.803062 #25156]  INFO -- : 0:  middleman-deploy (0.1.4) from /Library/Ruby/Gems/2.0.0/specifications/middleman-deploy-0.1.4.gemspec
I, [2014-01-10T18:21:28.803330 #25156]  INFO -- : 0:  nokogiri (1.5.6) from /System/Library/Frameworks/Ruby.framework/Versions/2.0/usr/lib/ruby/gems/2.0.0/specifications/nokogiri-1.5.6.gemspec
I, [2014-01-10T18:21:28.803592 #25156]  INFO -- : 0:  redcarpet (2.0.1) from /Library/Ruby/Gems/2.0.0/specifications/redcarpet-2.0.1.gemspec
I, [2014-01-10T18:21:28.803853 #25156]  INFO -- : 0:  susy (1.0.5) from /Library/Ruby/Gems/2.0.0/specifications/susy-1.0.5.gemspec
